<?xml version="1.0" encoding="UTF-8"?>
<testsuite xmlns:xsi="http://www.w3.org/2001/XMLSchema-instance" xsi:noNamespaceSchemaLocation="https://maven.apache.org/surefire/maven-surefire-plugin/xsd/surefire-test-report-3.0.xsd" version="3.0" name="es.etg.smr.carreracamellos.servidor.mvc.modelo.PartidaTest" time="0.026" tests="1" errors="1" skipped="0" failures="0">
  <properties>
[...]
</properties>
  <testcase name="testPartidaYGeneraResultado" classname="es.etg.smr.carreracamellos.servidor.mvc.modelo.PartidaTest" time="0.017">
    <error message="Address already in use" type="java.net.BindException"><![CDATA[java.net.BindException: Address already in use
	at java.base/sun.nio.ch.Net.bind0(Native Method)
	at java.base/sun.nio.ch.Net.bind(Net.java:556)
	at java.base/sun.nio.ch.Net.bind(Net.java:545)
	at java.base/sun.nio.ch.NioSocketImpl.bind(NioSocketImpl.java:629)
	at java.base/java.net.ServerSocket.bind(ServerSocket.java:393)
	at java.base/java.net.ServerSocket.<init>(ServerSocket.java:275)
	at java.base/java.net.ServerSocket.<init>(ServerSocket.java:168)
	at es.etg.smr.carreracamellos.servidor.mvc.modelo.PartidaTest.testPartidaYGeneraResultado(PartidaTest.java:16)
	at java.base/java.lang.reflect.Method.invoke(Method.java:578)
	at java.base/java.util.ArrayList.forEach(ArrayList.java:1511)
	at java.base/java.util.ArrayList.forEach(ArrayList.java:1511)
]]></error>
  </testcase>
</testsuite>